<?xml version="1.0" encoding="UTF-8"?>
  <testsuite name="example test suites" tests="1" failures="0" errors="0" time="0">
      <testcase name=" " classname="example test suites" time="3.76e-05"></testcase>
  </testsuite>